This is XeTeX, Version 3.141592653-2.6-0.999993 (TeX Live 2021) (preloaded format=xelatex 2021.5.28)  12 NOV 2021 14:16
entering extended mode
 restricted \write18 enabled.
 file:line:error style messages enabled.
 %&-line parsing enabled.
**collection_300
(./collection_300.tex
LaTeX2e <2020-10-01> patch level 4
L3 programming layer <2021-02-18> (/usr/local/texlive/2021/texmf-dist/tex/latex/ctex/ctexbook.cls (/usr/local/texlive/2021/texmf-dist/tex/latex/ctex/config/ctexbackend.cfg
File: ctexbackend.cfg 2021/03/14 v2.5.6 Backend configuration file (CTEX)
) (/usr/local/texlive/2021/texmf-dist/tex/latex/l3kernel/expl3.sty
Package: expl3 2021-02-18 L3 programming layer (loader) 
 (/usr/local/texlive/2021/texmf-dist/tex/latex/l3backend/l3backend-xetex.def
File: l3backend-xetex.def 2021-03-18 L3 backend support: XeTeX
 (|extractbb --version)
\c__kernel_sys_dvipdfmx_version_int=\count175
\l__color_backend_stack_int=\count176
\g__color_backend_stack_int=\count177
\g__graphics_track_int=\count178
\l__pdf_internal_box=\box47
\g__pdf_backend_object_int=\count179
\g__pdf_backend_annotation_int=\count180
\g__pdf_backend_link_int=\count181
))
Document Class: ctexbook 2021/03/14 v2.5.6 Chinese adapter for class book (CTEX)
(/usr/local/texlive/2021/texmf-dist/tex/latex/l3packages/xparse/xparse.sty (/usr/local/texlive/2021/texmf-dist/tex/latex/l3packages/xparse/xparse-2020-10-01.sty (/usr/local/texlive/2021/texmf-dist/tex/latex/l3packages/xparse/xparse-generic.tex))) (/usr/local/texlive/2021/texmf-dist/tex/latex/l3packages/l3keys2e/l3keys2e.sty
Package: l3keys2e 2021-03-12 LaTeX2e option processing using LaTeX3 keys
) (/usr/local/texlive/2021/texmf-dist/tex/latex/ctex/ctexhook.sty
Package: ctexhook 2021/03/14 v2.5.6 Document and package hooks (CTEX)
) (/usr/local/texlive/2021/texmf-dist/tex/latex/ctex/ctexpatch.sty
Package: ctexpatch 2021/03/14 v2.5.6 Patching commands (CTEX)
) (/usr/local/texlive/2021/texmf-dist/tex/latex/base/fix-cm.sty
Package: fix-cm 2015/01/14 v1.1t fixes to LaTeX
 (/usr/local/texlive/2021/texmf-dist/tex/latex/base/ts1enc.def
File: ts1enc.def 2001/06/05 v3.0e (jk/car/fm) Standard LaTeX file
LaTeX Font Info:    Redeclaring font encoding TS1 on input line 47.
)) (/usr/local/texlive/2021/texmf-dist/tex/latex/everysel/everysel.sty
Package: everysel 2021/01/20 v2.1 EverySelectfont Package (MS)
 (/usr/local/texlive/2021/texmf-dist/tex/latex/everysel/everysel-2011-10-28.sty))
\l__ctex_tmp_int=\count182
\l__ctex_tmp_box=\box48
\l__ctex_tmp_dim=\dimen138
\g__ctex_section_depth_int=\count183
\g__ctex_font_size_int=\count184
 (/usr/local/texlive/2021/texmf-dist/tex/latex/ctex/config/ctexopts.cfg
File: ctexopts.cfg 2021/03/14 v2.5.6 Option configuration file (CTEX)
) (/usr/local/texlive/2021/texmf-dist/tex/latex/base/book.cls
Document Class: book 2020/04/10 v1.4m Standard LaTeX document class
(/usr/local/texlive/2021/texmf-dist/tex/latex/base/bk12.clo
File: bk12.clo 2020/04/10 v1.4m Standard LaTeX file (size option)
)
\c@part=\count185
\c@chapter=\count186
\c@section=\count187
\c@subsection=\count188
\c@subsubsection=\count189
\c@paragraph=\count190
\c@subparagraph=\count191
\c@figure=\count192
\c@table=\count193
\abovecaptionskip=\skip47
\belowcaptionskip=\skip48
\bibindent=\dimen139
) (/usr/local/texlive/2021/texmf-dist/tex/latex/ctex/engine/ctex-engine-xetex.def
File: ctex-engine-xetex.def 2021/03/14 v2.5.6 XeLaTeX adapter (CTEX)
 (/usr/local/texlive/2021/texmf-dist/tex/xelatex/xecjk/xeCJK.sty
Package: xeCJK 2020/10/19 v3.8.6 Typesetting CJK scripts with XeLaTeX
 (/usr/local/texlive/2021/texmf-dist/tex/latex/l3packages/xtemplate/xtemplate.sty
Package: xtemplate 2021-03-12 L3 Experimental prototype document functions
\l__xtemplate_tmp_dim=\dimen140
\l__xtemplate_tmp_int=\count194
\l__xtemplate_tmp_muskip=\muskip16
\l__xtemplate_tmp_skip=\skip49
)
\l__xeCJK_tmp_int=\count195
\l__xeCJK_tmp_box=\box49
\l__xeCJK_tmp_dim=\dimen141
\l__xeCJK_tmp_skip=\skip50
\g__xeCJK_space_factor_int=\count196
\l__xeCJK_begin_int=\count197
\l__xeCJK_end_int=\count198
\c__xeCJK_CJK_class_int=\XeTeXcharclass1
\c__xeCJK_FullLeft_class_int=\XeTeXcharclass2
\c__xeCJK_FullRight_class_int=\XeTeXcharclass3
\c__xeCJK_HalfLeft_class_int=\XeTeXcharclass4
\c__xeCJK_HalfRight_class_int=\XeTeXcharclass5
\c__xeCJK_NormalSpace_class_int=\XeTeXcharclass6
\c__xeCJK_CM_class_int=\XeTeXcharclass7
\c__xeCJK_HangulJamo_class_int=\XeTeXcharclass8
\l__xeCJK_last_skip=\skip51
\g__xeCJK_node_int=\count199
\c__xeCJK_CJK_node_dim=\dimen142
\c__xeCJK_CJK-space_node_dim=\dimen143
\c__xeCJK_default_node_dim=\dimen144
\c__xeCJK_default-space_node_dim=\dimen145
\c__xeCJK_CJK-widow_node_dim=\dimen146
\c__xeCJK_normalspace_node_dim=\dimen147
\l__xeCJK_ccglue_skip=\skip52
\l__xeCJK_ecglue_skip=\skip53
\l__xeCJK_punct_kern_skip=\skip54
\l__xeCJK_last_penalty_int=\count266
\l__xeCJK_last_bound_dim=\dimen148
\l__xeCJK_last_kern_dim=\dimen149
\l__xeCJK_widow_penalty_int=\count267

Package xtemplate Info: Declaring object type 'xeCJK/punctuation' taking 0
(xtemplate)             argument(s) on line 2341.

\l__xeCJK_fixed_punct_width_dim=\dimen150
\l__xeCJK_mixed_punct_width_dim=\dimen151
\l__xeCJK_middle_punct_width_dim=\dimen152
\l__xeCJK_fixed_margin_width_dim=\dimen153
\l__xeCJK_mixed_margin_width_dim=\dimen154
\l__xeCJK_middle_margin_width_dim=\dimen155
\l__xeCJK_bound_punct_width_dim=\dimen156
\l__xeCJK_bound_margin_width_dim=\dimen157
\l__xeCJK_margin_minimum_dim=\dimen158
\l__xeCJK_kerning_total_width_dim=\dimen159
\l__xeCJK_same_align_margin_dim=\dimen160
\l__xeCJK_different_align_margin_dim=\dimen161
\l__xeCJK_kerning_margin_width_dim=\dimen162
\l__xeCJK_kerning_margin_minimum_dim=\dimen163
\l__xeCJK_bound_dim=\dimen164
\l__xeCJK_reverse_bound_dim=\dimen165
\l__xeCJK_margin_dim=\dimen166
\l__xeCJK_minimum_bound_dim=\dimen167
\l__xeCJK_kerning_margin_dim=\dimen168
\g__xeCJK_family_int=\count268
\l__xeCJK_fam_int=\count269
\g__xeCJK_fam_allocation_int=\count270
\l__xeCJK_verb_case_int=\count271
\l__xeCJK_verb_exspace_skip=\skip55
 (/usr/local/texlive/2021/texmf-dist/tex/latex/fontspec/fontspec.sty
Package: fontspec 2020/02/21 v2.7i Font selection for XeLaTeX and LuaLaTeX
 (/usr/local/texlive/2021/texmf-dist/tex/latex/fontspec/fontspec-xetex.sty
Package: fontspec-xetex 2020/02/21 v2.7i Font selection for XeLaTeX and LuaLaTeX
\l__fontspec_script_int=\count272
\l__fontspec_language_int=\count273
\l__fontspec_strnum_int=\count274
\l__fontspec_tmp_int=\count275
\l__fontspec_tmpa_int=\count276
\l__fontspec_tmpb_int=\count277
\l__fontspec_tmpc_int=\count278
\l__fontspec_em_int=\count279
\l__fontspec_emdef_int=\count280
\l__fontspec_strong_int=\count281
\l__fontspec_strongdef_int=\count282
\l__fontspec_tmpa_dim=\dimen169
\l__fontspec_tmpb_dim=\dimen170
\l__fontspec_tmpc_dim=\dimen171
 (/usr/local/texlive/2021/texmf-dist/tex/latex/base/fontenc.sty
Package: fontenc 2020/08/10 v2.0s Standard LaTeX package
) (/usr/local/texlive/2021/texmf-dist/tex/latex/fontspec/fontspec.cfg))) (/usr/local/texlive/2021/texmf-dist/tex/xelatex/xecjk/xeCJK.cfg
File: xeCJK.cfg 2020/10/19 v3.8.6 Configuration file for xeCJK package
))
\ccwd=\dimen172
\l__ctex_ccglue_skip=\skip56
)
\l__ctex_ziju_dim=\dimen173
 (/usr/local/texlive/2021/texmf-dist/tex/latex/zhnumber/zhnumber.sty
Package: zhnumber 2020/05/01 v2.8 Typesetting numbers with Chinese glyphs
\l__zhnum_scale_int=\count283
 (/usr/local/texlive/2021/texmf-dist/tex/latex/zhnumber/zhnumber-utf8.cfg
File: zhnumber-utf8.cfg 2020/05/01 v2.8 Chinese numerals with UTF8 encoding
))
\l__ctex_heading_skip=\skip57
 (/usr/local/texlive/2021/texmf-dist/tex/latex/ctex/scheme/ctex-scheme-chinese-book.def
File: ctex-scheme-chinese-book.def 2021/03/14 v2.5.6 Chinese scheme for book (CTEX)
 (/usr/local/texlive/2021/texmf-dist/tex/latex/ctex/config/ctex-name-utf8.cfg
File: ctex-name-utf8.cfg 2021/03/14 v2.5.6 Caption with encoding UTF-8 (CTEX)
)) (/usr/local/texlive/2021/texmf-dist/tex/latex/ctex/fontset/ctex-fontset-mac.def
File: ctex-fontset-mac.def 2021/03/14 v2.5.6 macOS fonts definition (CTEX)
 (/usr/local/texlive/2021/texmf-dist/tex/latex/ctex/fontset/ctex-fontset-macnew.def
File: ctex-fontset-macnew.def 2021/03/14 v2.5.6 macOS fonts definition for El Capitan or later version (CTEX)


Package fontspec Warning: Font "Songti SC Light" does not contain requested
(fontspec)                Script "CJK".


Package fontspec Info: Font family 'SongtiSCLight(0)' created for font 'Songti
(fontspec)             SC Light' with options
(fontspec)             [Script={CJK},BoldItalicFont={Kaiti SC
(fontspec)             Bold},BoldFont={Songti SC Bold},ItalicFont={Kaiti SC}].
(fontspec)              
(fontspec)              This font family consists of the following NFSS
(fontspec)             series/shapes:
(fontspec)              
(fontspec)             - 'normal' (m/n) with NFSS spec.: <->"Songti SC
(fontspec)             Light/OT:language=dflt;"
(fontspec)             - 'small caps'  (m/sc) with NFSS spec.: 
(fontspec)             - 'bold' (b/n) with NFSS spec.: <->"Songti SC
(fontspec)             Bold/OT:language=dflt;"
(fontspec)             - 'bold small caps'  (b/sc) with NFSS spec.: 
(fontspec)             - 'italic' (m/it) with NFSS spec.: <->"Kaiti
(fontspec)             SC/OT:language=dflt;"
(fontspec)             - 'italic small caps'  (m/scit) with NFSS spec.: 
(fontspec)             - 'bold italic' (b/it) with NFSS spec.: <->"Kaiti SC
(fontspec)             Bold/OT:language=dflt;"
(fontspec)             - 'bold italic small caps'  (b/scit) with NFSS spec.: 

))) (/usr/local/texlive/2021/texmf-dist/tex/latex/ctex/config/ctex.cfg
File: ctex.cfg 2021/03/14 v2.5.6 Configuration file (CTEX)
) (/usr/local/texlive/2021/texmf-dist/tex/latex/graphics/graphicx.sty
Package: graphicx 2020/09/09 v1.2b Enhanced LaTeX Graphics (DPC,SPQR)
 (/usr/local/texlive/2021/texmf-dist/tex/latex/graphics/keyval.sty
Package: keyval 2014/10/28 v1.15 key=value parser (DPC)
\KV@toks@=\toks15
) (/usr/local/texlive/2021/texmf-dist/tex/latex/graphics/graphics.sty
Package: graphics 2020/08/30 v1.4c Standard LaTeX Graphics (DPC,SPQR)
 (/usr/local/texlive/2021/texmf-dist/tex/latex/graphics/trig.sty
Package: trig 2016/01/03 v1.10 sin cos tan (DPC)
) (/usr/local/texlive/2021/texmf-dist/tex/latex/graphics-cfg/graphics.cfg
File: graphics.cfg 2016/06/04 v1.11 sample graphics configuration
)
Package graphics Info: Driver file: xetex.def on input line 105.
 (/usr/local/texlive/2021/texmf-dist/tex/latex/graphics-def/xetex.def
File: xetex.def 2021/03/18 v5.0k Graphics/color driver for xetex
))
\Gin@req@height=\dimen174
\Gin@req@width=\dimen175
) (/usr/local/texlive/2021/texmf-dist/tex/latex/tools/indentfirst.sty
Package: indentfirst 1995/11/23 v1.03 Indent first paragraph (DPC)
) (/usr/local/texlive/2021/texmf-dist/tex/latex/titlesec/titletoc.sty
Package: titletoc 2019/10/16 v2.13 TOC entries
\ttl@leftsep=\dimen176
) (/usr/local/texlive/2021/texmf-dist/tex/latex/fancyhdr/fancyhdr.sty
Package: fancyhdr 2021/01/28 v4.0.1 Extensive control of page headers and footers
\f@nch@headwidth=\skip58
\f@nch@O@elh=\skip59
\f@nch@O@erh=\skip60
\f@nch@O@olh=\skip61
\f@nch@O@orh=\skip62
\f@nch@O@elf=\skip63
\f@nch@O@erf=\skip64
\f@nch@O@olf=\skip65
\f@nch@O@orf=\skip66
) (/usr/local/texlive/2021/texmf-dist/tex/latex/geometry/geometry.sty
Package: geometry 2020/01/02 v5.9 Page Geometry
 (/usr/local/texlive/2021/texmf-dist/tex/generic/iftex/ifvtex.sty
Package: ifvtex 2019/10/25 v1.7 ifvtex legacy package. Use iftex instead.
 (/usr/local/texlive/2021/texmf-dist/tex/generic/iftex/iftex.sty
Package: iftex 2020/03/06 v1.0d TeX engine tests
))
\Gm@cnth=\count284
\Gm@cntv=\count285
\c@Gm@tempcnt=\count286
\Gm@bindingoffset=\dimen177
\Gm@wd@mp=\dimen178
\Gm@odd@mp=\dimen179
\Gm@even@mp=\dimen180
\Gm@layoutwidth=\dimen181
\Gm@layoutheight=\dimen182
\Gm@layouthoffset=\dimen183
\Gm@layoutvoffset=\dimen184
\Gm@dimlist=\toks16
) (/usr/local/texlive/2021/texmf-dist/tex/latex/url/url.sty
\Urlmuskip=\muskip17
Package: url 2013/09/16  ver 3.4  Verb mode for urls, etc.
)

Package fontspec Info: Font family 'TimesNewRoman(0)' created for font 'Times
(fontspec)             New Roman' with options [Ligatures=TeX].
(fontspec)              
(fontspec)              This font family consists of the following NFSS
(fontspec)             series/shapes:
(fontspec)              
(fontspec)             - 'normal' (m/n) with NFSS spec.: <->"Times New
(fontspec)             Roman/OT:script=latn;language=dflt;mapping=tex-text;"
(fontspec)             - 'small caps'  (m/sc) with NFSS spec.: 
(fontspec)             - 'bold' (b/n) with NFSS spec.: <->"Times New
(fontspec)             Roman/B/OT:script=latn;language=dflt;mapping=tex-text;"
(fontspec)             - 'bold small caps'  (b/sc) with NFSS spec.: 
(fontspec)             - 'italic' (m/it) with NFSS spec.: <->"Times New
(fontspec)             Roman/I/OT:script=latn;language=dflt;mapping=tex-text;"
(fontspec)             - 'italic small caps'  (m/scit) with NFSS spec.: 
(fontspec)             - 'bold italic' (b/it) with NFSS spec.: <->"Times New
(fontspec)             Roman/BI/OT:script=latn;language=dflt;mapping=tex-text;"
(fontspec)             - 'bold italic small caps'  (b/scit) with NFSS spec.: 

 (./collection_300.aux)
\openout1 = `collection_300.aux'.

LaTeX Font Info:    Checking defaults for OML/cmm/m/it on input line 51.
LaTeX Font Info:    ... okay on input line 51.
LaTeX Font Info:    Checking defaults for OMS/cmsy/m/n on input line 51.
LaTeX Font Info:    ... okay on input line 51.
LaTeX Font Info:    Checking defaults for OT1/cmr/m/n on input line 51.
LaTeX Font Info:    ... okay on input line 51.
LaTeX Font Info:    Checking defaults for T1/cmr/m/n on input line 51.
LaTeX Font Info:    ... okay on input line 51.
LaTeX Font Info:    Checking defaults for TS1/cmr/m/n on input line 51.
LaTeX Font Info:    ... okay on input line 51.
LaTeX Font Info:    Checking defaults for TU/lmr/m/n on input line 51.
LaTeX Font Info:    ... okay on input line 51.
LaTeX Font Info:    Checking defaults for OMX/cmex/m/n on input line 51.
LaTeX Font Info:    ... okay on input line 51.
LaTeX Font Info:    Checking defaults for U/cmr/m/n on input line 51.
LaTeX Font Info:    ... okay on input line 51.
 ABD: EverySelectfont initializing macros
LaTeX Info: Redefining \selectfont on input line 51.

Package fontspec Info: Adjusting the maths setup (use [no-math] to avoid
(fontspec)             this).

\symlegacymaths=\mathgroup4
LaTeX Font Info:    Overwriting symbol font `legacymaths' in version `bold'
(Font)                  OT1/cmr/m/n --> OT1/cmr/bx/n on input line 51.
LaTeX Font Info:    Redeclaring math accent \acute on input line 51.
LaTeX Font Info:    Redeclaring math accent \grave on input line 51.
LaTeX Font Info:    Redeclaring math accent \ddot on input line 51.
LaTeX Font Info:    Redeclaring math accent \tilde on input line 51.
LaTeX Font Info:    Redeclaring math accent \bar on input line 51.
LaTeX Font Info:    Redeclaring math accent \breve on input line 51.
LaTeX Font Info:    Redeclaring math accent \check on input line 51.
LaTeX Font Info:    Redeclaring math accent \hat on input line 51.
LaTeX Font Info:    Redeclaring math accent \dot on input line 51.
LaTeX Font Info:    Redeclaring math accent \mathring on input line 51.
LaTeX Font Info:    Redeclaring math symbol \colon on input line 51.
LaTeX Font Info:    Redeclaring math symbol \Gamma on input line 51.
LaTeX Font Info:    Redeclaring math symbol \Delta on input line 51.
LaTeX Font Info:    Redeclaring math symbol \Theta on input line 51.
LaTeX Font Info:    Redeclaring math symbol \Lambda on input line 51.
LaTeX Font Info:    Redeclaring math symbol \Xi on input line 51.
LaTeX Font Info:    Redeclaring math symbol \Pi on input line 51.
LaTeX Font Info:    Redeclaring math symbol \Sigma on input line 51.
LaTeX Font Info:    Redeclaring math symbol \Upsilon on input line 51.
LaTeX Font Info:    Redeclaring math symbol \Phi on input line 51.
LaTeX Font Info:    Redeclaring math symbol \Psi on input line 51.
LaTeX Font Info:    Redeclaring math symbol \Omega on input line 51.
LaTeX Font Info:    Redeclaring math symbol \mathdollar on input line 51.
LaTeX Font Info:    Redeclaring symbol font `operators' on input line 51.
LaTeX Font Info:    Encoding `OT1' has changed to `TU' for symbol font
(Font)              `operators' in the math version `normal' on input line 51.
LaTeX Font Info:    Overwriting symbol font `operators' in version `normal'
(Font)                  OT1/cmr/m/n --> TU/TimesNewRoman(0)/m/n on input line 51.
LaTeX Font Info:    Encoding `OT1' has changed to `TU' for symbol font
(Font)              `operators' in the math version `bold' on input line 51.
LaTeX Font Info:    Overwriting symbol font `operators' in version `bold'
(Font)                  OT1/cmr/bx/n --> TU/TimesNewRoman(0)/m/n on input line 51.
LaTeX Font Info:    Overwriting symbol font `operators' in version `normal'
(Font)                  TU/TimesNewRoman(0)/m/n --> TU/TimesNewRoman(0)/m/n on input line 51.
LaTeX Font Info:    Overwriting math alphabet `\mathit' in version `normal'
(Font)                  OT1/cmr/m/it --> TU/TimesNewRoman(0)/m/it on input line 51.
LaTeX Font Info:    Overwriting math alphabet `\mathbf' in version `normal'
(Font)                  OT1/cmr/bx/n --> TU/TimesNewRoman(0)/b/n on input line 51.
LaTeX Font Info:    Overwriting math alphabet `\mathsf' in version `normal'
(Font)                  OT1/cmss/m/n --> TU/lmss/m/n on input line 51.
LaTeX Font Info:    Overwriting math alphabet `\mathtt' in version `normal'
(Font)                  OT1/cmtt/m/n --> TU/lmtt/m/n on input line 51.
LaTeX Font Info:    Overwriting symbol font `operators' in version `bold'
(Font)                  TU/TimesNewRoman(0)/m/n --> TU/TimesNewRoman(0)/b/n on input line 51.
LaTeX Font Info:    Overwriting math alphabet `\mathit' in version `bold'
(Font)                  OT1/cmr/bx/it --> TU/TimesNewRoman(0)/b/it on input line 51.
LaTeX Font Info:    Overwriting math alphabet `\mathsf' in version `bold'
(Font)                  OT1/cmss/bx/n --> TU/lmss/b/n on input line 51.
LaTeX Font Info:    Overwriting math alphabet `\mathtt' in version `bold'
(Font)                  OT1/cmtt/m/n --> TU/lmtt/b/n on input line 51.

*geometry* driver: auto-detecting
*geometry* detected driver: xetex
*geometry* verbose mode - [ preamble ] result:
* driver: xetex
* paper: <default>
* layout: <same size as paper>
* layoutoffset:(h,v)=(0.0pt,0.0pt)
* modes: 
* h-part:(L,W,R)=(92.14519pt, 430.00462pt, 92.14519pt)
* v-part:(T,H,B)=(95.39737pt, 556.47656pt, 143.09605pt)
* \paperwidth=614.295pt
* \paperheight=794.96999pt
* \textwidth=430.00462pt
* \textheight=556.47656pt
* \oddsidemargin=19.8752pt
* \evensidemargin=19.8752pt
* \topmargin=-8.74641pt
* \headheight=12.0pt
* \headsep=19.8738pt
* \topskip=12.0pt
* \footskip=30.0pt
* \marginparwidth=47.0pt
* \marginparsep=7.0pt
* \columnsep=10.0pt
* \skip\footins=10.8pt plus 4.0pt minus 2.0pt
* \hoffset=0.0pt
* \voffset=0.0pt
* \mag=1000
* \@twocolumnfalse
* \@twosidefalse
* \@mparswitchfalse
* \@reversemarginfalse
* (1in=72.27pt=25.4mm, 1cm=28.453pt)

LaTeX Font Info:    External font `cmex10' loaded for size
(Font)              <14.4> on input line 54.
LaTeX Font Info:    External font `cmex10' loaded for size
(Font)              <7> on input line 54.

Package fontspec Warning: Font "Kaiti SC" does not contain requested Script
(fontspec)                "CJK".


Package fontspec Info: Could not resolve font "Kaiti SC Bold/I" (it probably
(fontspec)             doesn't exist).


Package fontspec Info: Could not resolve font "Kaiti SC/BI" (it probably
(fontspec)             doesn't exist).


Package fontspec Info: Could not resolve font "Kaiti SC/I" (it probably
(fontspec)             doesn't exist).


Package fontspec Info: Font family 'KaitiSC(0)' created for font 'Kaiti SC'
(fontspec)             with options [Script={CJK},BoldFont={Kaiti SC Bold}].
(fontspec)              
(fontspec)              This font family consists of the following NFSS
(fontspec)             series/shapes:
(fontspec)              
(fontspec)             - 'normal' (m/n) with NFSS spec.: <->"Kaiti
(fontspec)             SC/OT:language=dflt;"
(fontspec)             - 'small caps'  (m/sc) with NFSS spec.: 
(fontspec)             - 'bold' (b/n) with NFSS spec.: <->"Kaiti SC
(fontspec)             Bold/OT:language=dflt;"
(fontspec)             - 'bold small caps'  (b/sc) with NFSS spec.: 

[1


] [1

] (./collection_300.toc [2

] [3] [4] [5] [6] [7] [8] [9]
Overfull \hbox (2.99995pt too wide) detected at line 174
 \TU/TimesNewRoman(0)/m/n/14.4 100
 []


Overfull \hbox (2.99995pt too wide) detected at line 175
 \TU/TimesNewRoman(0)/m/n/14.4 100
 []


Overfull \hbox (2.99995pt too wide) detected at line 176
 \TU/TimesNewRoman(0)/m/n/14.4 101
 []


Overfull \hbox (2.99995pt too wide) detected at line 177
 \TU/TimesNewRoman(0)/m/n/14.4 101
 []


Overfull \hbox (2.99995pt too wide) detected at line 178
 \TU/TimesNewRoman(0)/m/n/14.4 102
 []


Overfull \hbox (2.99995pt too wide) detected at line 180
 \TU/TimesNewRoman(0)/m/n/14.4 103
 []


Overfull \hbox (2.99995pt too wide) detected at line 181
 \TU/TimesNewRoman(0)/m/n/14.4 103
 []


Overfull \hbox (2.99995pt too wide) detected at line 182
 \TU/TimesNewRoman(0)/m/n/14.4 104
 []


Overfull \hbox (2.99995pt too wide) detected at line 183
 \TU/TimesNewRoman(0)/m/n/14.4 105
 []


Overfull \hbox (2.99995pt too wide) detected at line 184
 \TU/TimesNewRoman(0)/m/n/14.4 105
 []


Overfull \hbox (2.99995pt too wide) detected at line 185
 \TU/TimesNewRoman(0)/m/n/14.4 105
 []


Overfull \hbox (2.99995pt too wide) detected at line 186
 \TU/TimesNewRoman(0)/m/n/14.4 106
 []


Overfull \hbox (2.99995pt too wide) detected at line 187
 \TU/TimesNewRoman(0)/m/n/14.4 106
 []


Overfull \hbox (2.99995pt too wide) detected at line 188
 \TU/TimesNewRoman(0)/m/n/14.4 106
 []


Overfull \hbox (2.99995pt too wide) detected at line 189
 \TU/TimesNewRoman(0)/m/n/14.4 107
 []


Overfull \hbox (2.99995pt too wide) detected at line 190
 \TU/TimesNewRoman(0)/m/n/14.4 107
 []


Overfull \hbox (2.99995pt too wide) detected at line 191
 \TU/TimesNewRoman(0)/m/n/14.4 108
 []


Overfull \hbox (2.99995pt too wide) detected at line 192
 \TU/TimesNewRoman(0)/m/n/14.4 108
 []


Overfull \hbox (2.99995pt too wide) detected at line 193
 \TU/TimesNewRoman(0)/m/n/14.4 108
 []


Overfull \hbox (2.99995pt too wide) detected at line 194
 \TU/TimesNewRoman(0)/m/n/14.4 109
 []

[10]
Overfull \hbox (2.99995pt too wide) detected at line 195
 \TU/TimesNewRoman(0)/m/n/14.4 109
 []


Overfull \hbox (2.46558pt too wide) detected at line 196
 \TU/TimesNewRoman(0)/m/n/14.4 110
 []


Overfull \hbox (2.46558pt too wide) detected at line 197
 \TU/TimesNewRoman(0)/m/n/14.4 110
 []


Overfull \hbox (1.9312pt too wide) detected at line 198
 \TU/TimesNewRoman(0)/m/n/14.4 111
 []


Overfull \hbox (1.9312pt too wide) detected at line 199
 \TU/TimesNewRoman(0)/m/n/14.4 111
 []


Overfull \hbox (2.46558pt too wide) detected at line 200
 \TU/TimesNewRoman(0)/m/n/14.4 112
 []


Overfull \hbox (2.46558pt too wide) detected at line 201
 \TU/TimesNewRoman(0)/m/n/14.4 112
 []


Overfull \hbox (2.46558pt too wide) detected at line 202
 \TU/TimesNewRoman(0)/m/n/14.4 112
 []


Overfull \hbox (2.46558pt too wide) detected at line 203
 \TU/TimesNewRoman(0)/m/n/14.4 113
 []


Overfull \hbox (2.46558pt too wide) detected at line 204
 \TU/TimesNewRoman(0)/m/n/14.4 113
 []


Overfull \hbox (2.46558pt too wide) detected at line 205
 \TU/TimesNewRoman(0)/m/n/14.4 114
 []


Overfull \hbox (2.46558pt too wide) detected at line 206
 \TU/TimesNewRoman(0)/m/n/14.4 115
 []


Overfull \hbox (2.46558pt too wide) detected at line 207
 \TU/TimesNewRoman(0)/m/n/14.4 116
 []


Overfull \hbox (2.46558pt too wide) detected at line 208
 \TU/TimesNewRoman(0)/m/n/14.4 117
 []


Overfull \hbox (2.46558pt too wide) detected at line 209
 \TU/TimesNewRoman(0)/m/n/14.4 118
 []


Overfull \hbox (2.46558pt too wide) detected at line 210
 \TU/TimesNewRoman(0)/m/n/14.4 118
 []


Overfull \hbox (2.46558pt too wide) detected at line 211
 \TU/TimesNewRoman(0)/m/n/14.4 118
 []


Overfull \hbox (2.46558pt too wide) detected at line 212
 \TU/TimesNewRoman(0)/m/n/14.4 119
 []


Overfull \hbox (2.46558pt too wide) detected at line 213
 \TU/TimesNewRoman(0)/m/n/14.4 119
 []


Overfull \hbox (2.99995pt too wide) detected at line 214
 \TU/TimesNewRoman(0)/m/n/14.4 120
 []


Overfull \hbox (2.99995pt too wide) detected at line 215
 \TU/TimesNewRoman(0)/m/n/14.4 120
 []


Overfull \hbox (2.99995pt too wide) detected at line 216
 \TU/TimesNewRoman(0)/m/n/14.4 120
 []

[11]
Overfull \hbox (2.99995pt too wide) detected at line 217
 \TU/TimesNewRoman(0)/m/n/14.4 121
 []


Overfull \hbox (2.99995pt too wide) detected at line 218
 \TU/TimesNewRoman(0)/m/n/14.4 121
 []


Overfull \hbox (2.99995pt too wide) detected at line 219
 \TU/TimesNewRoman(0)/m/n/14.4 122
 []


Overfull \hbox (2.99995pt too wide) detected at line 220
 \TU/TimesNewRoman(0)/m/n/14.4 122
 []


Overfull \hbox (2.99995pt too wide) detected at line 221
 \TU/TimesNewRoman(0)/m/n/14.4 123
 []


Overfull \hbox (2.99995pt too wide) detected at line 222
 \TU/TimesNewRoman(0)/m/n/14.4 123
 []


Overfull \hbox (2.99995pt too wide) detected at line 223
 \TU/TimesNewRoman(0)/m/n/14.4 123
 []


Overfull \hbox (2.99995pt too wide) detected at line 224
 \TU/TimesNewRoman(0)/m/n/14.4 124
 []


Overfull \hbox (2.99995pt too wide) detected at line 225
 \TU/TimesNewRoman(0)/m/n/14.4 124
 []


Overfull \hbox (2.99995pt too wide) detected at line 226
 \TU/TimesNewRoman(0)/m/n/14.4 124
 []


Overfull \hbox (2.99995pt too wide) detected at line 227
 \TU/TimesNewRoman(0)/m/n/14.4 125
 []


Overfull \hbox (2.99995pt too wide) detected at line 228
 \TU/TimesNewRoman(0)/m/n/14.4 125
 []


Overfull \hbox (2.99995pt too wide) detected at line 229
 \TU/TimesNewRoman(0)/m/n/14.4 125
 []


Overfull \hbox (2.99995pt too wide) detected at line 230
 \TU/TimesNewRoman(0)/m/n/14.4 126
 []


Overfull \hbox (2.99995pt too wide) detected at line 231
 \TU/TimesNewRoman(0)/m/n/14.4 126
 []


Overfull \hbox (2.99995pt too wide) detected at line 232
 \TU/TimesNewRoman(0)/m/n/14.4 126
 []


Overfull \hbox (2.99995pt too wide) detected at line 233
 \TU/TimesNewRoman(0)/m/n/14.4 127
 []


Overfull \hbox (2.99995pt too wide) detected at line 234
 \TU/TimesNewRoman(0)/m/n/14.4 127
 []


Overfull \hbox (2.99995pt too wide) detected at line 235
 \TU/TimesNewRoman(0)/m/n/14.4 127
 []


Overfull \hbox (2.99995pt too wide) detected at line 236
 \TU/TimesNewRoman(0)/m/n/14.4 128
 []


Overfull \hbox (2.99995pt too wide) detected at line 237
 \TU/TimesNewRoman(0)/m/n/14.4 129
 []


Overfull \hbox (2.99995pt too wide) detected at line 238
 \TU/TimesNewRoman(0)/m/n/14.4 130
 []

[12]
Overfull \hbox (2.99995pt too wide) detected at line 239
 \TU/TimesNewRoman(0)/m/n/14.4 130
 []


Overfull \hbox (2.99995pt too wide) detected at line 240
 \TU/TimesNewRoman(0)/m/n/14.4 130
 []


Overfull \hbox (2.99995pt too wide) detected at line 241
 \TU/TimesNewRoman(0)/m/n/14.4 131
 []


Overfull \hbox (2.99995pt too wide) detected at line 242
 \TU/TimesNewRoman(0)/m/n/14.4 131
 []


Overfull \hbox (2.99995pt too wide) detected at line 243
 \TU/TimesNewRoman(0)/m/n/14.4 131
 []


Overfull \hbox (2.99995pt too wide) detected at line 244
 \TU/TimesNewRoman(0)/m/n/14.4 132
 []


Overfull \hbox (2.99995pt too wide) detected at line 245
 \TU/TimesNewRoman(0)/m/n/14.4 132
 []


Overfull \hbox (2.99995pt too wide) detected at line 246
 \TU/TimesNewRoman(0)/m/n/14.4 132
 []


Overfull \hbox (2.99995pt too wide) detected at line 247
 \TU/TimesNewRoman(0)/m/n/14.4 134
 []


Overfull \hbox (2.99995pt too wide) detected at line 248
 \TU/TimesNewRoman(0)/m/n/14.4 134
 []


Overfull \hbox (2.99995pt too wide) detected at line 249
 \TU/TimesNewRoman(0)/m/n/14.4 134
 []


Overfull \hbox (2.99995pt too wide) detected at line 250
 \TU/TimesNewRoman(0)/m/n/14.4 135
 []


Overfull \hbox (2.99995pt too wide) detected at line 251
 \TU/TimesNewRoman(0)/m/n/14.4 135
 []


Overfull \hbox (2.99995pt too wide) detected at line 252
 \TU/TimesNewRoman(0)/m/n/14.4 135
 []


Overfull \hbox (2.99995pt too wide) detected at line 253
 \TU/TimesNewRoman(0)/m/n/14.4 136
 []


Overfull \hbox (2.99995pt too wide) detected at line 254
 \TU/TimesNewRoman(0)/m/n/14.4 137
 []


Overfull \hbox (2.99995pt too wide) detected at line 255
 \TU/TimesNewRoman(0)/m/n/14.4 137
 []


Overfull \hbox (2.99995pt too wide) detected at line 256
 \TU/TimesNewRoman(0)/m/n/14.4 137
 []


Overfull \hbox (2.99995pt too wide) detected at line 257
 \TU/TimesNewRoman(0)/m/n/14.4 138
 []


Overfull \hbox (2.99995pt too wide) detected at line 258
 \TU/TimesNewRoman(0)/m/n/14.4 138
 []


Overfull \hbox (2.99995pt too wide) detected at line 259
 \TU/TimesNewRoman(0)/m/n/14.4 138
 []


Overfull \hbox (2.99995pt too wide) detected at line 260
 \TU/TimesNewRoman(0)/m/n/14.4 139
 []

[13]
Overfull \hbox (2.99995pt too wide) detected at line 261
 \TU/TimesNewRoman(0)/m/n/14.4 139
 []


Overfull \hbox (2.99995pt too wide) detected at line 262
 \TU/TimesNewRoman(0)/m/n/14.4 140
 []


Overfull \hbox (2.99995pt too wide) detected at line 263
 \TU/TimesNewRoman(0)/m/n/14.4 140
 []


Overfull \hbox (2.99995pt too wide) detected at line 264
 \TU/TimesNewRoman(0)/m/n/14.4 140
 []


Overfull \hbox (2.99995pt too wide) detected at line 265
 \TU/TimesNewRoman(0)/m/n/14.4 141
 []


Overfull \hbox (2.99995pt too wide) detected at line 266
 \TU/TimesNewRoman(0)/m/n/14.4 141
 []


Overfull \hbox (2.99995pt too wide) detected at line 267
 \TU/TimesNewRoman(0)/m/n/14.4 142
 []


Overfull \hbox (2.99995pt too wide) detected at line 268
 \TU/TimesNewRoman(0)/m/n/14.4 142
 []


Overfull \hbox (2.99995pt too wide) detected at line 269
 \TU/TimesNewRoman(0)/m/n/14.4 142
 []


Overfull \hbox (2.99995pt too wide) detected at line 270
 \TU/TimesNewRoman(0)/m/n/14.4 143
 []


Overfull \hbox (2.99995pt too wide) detected at line 271
 \TU/TimesNewRoman(0)/m/n/14.4 143
 []


Overfull \hbox (2.99995pt too wide) detected at line 272
 \TU/TimesNewRoman(0)/m/n/14.4 144
 []


Overfull \hbox (2.99995pt too wide) detected at line 273
 \TU/TimesNewRoman(0)/m/n/14.4 144
 []


Overfull \hbox (2.99995pt too wide) detected at line 274
 \TU/TimesNewRoman(0)/m/n/14.4 144
 []


Overfull \hbox (2.99995pt too wide) detected at line 275
 \TU/TimesNewRoman(0)/m/n/14.4 145
 []


Overfull \hbox (2.99995pt too wide) detected at line 276
 \TU/TimesNewRoman(0)/m/n/14.4 145
 []


Overfull \hbox (2.99995pt too wide) detected at line 278
 \TU/TimesNewRoman(0)/m/n/14.4 146
 []


Overfull \hbox (2.99995pt too wide) detected at line 279
 \TU/TimesNewRoman(0)/m/n/14.4 146
 []


Overfull \hbox (2.99995pt too wide) detected at line 280
 \TU/TimesNewRoman(0)/m/n/14.4 147
 []


Overfull \hbox (2.99995pt too wide) detected at line 281
 \TU/TimesNewRoman(0)/m/n/14.4 147
 []

[14]
Overfull \hbox (2.99995pt too wide) detected at line 282
 \TU/TimesNewRoman(0)/m/n/14.4 147
 []


Overfull \hbox (2.99995pt too wide) detected at line 283
 \TU/TimesNewRoman(0)/m/n/14.4 147
 []


Overfull \hbox (2.99995pt too wide) detected at line 284
 \TU/TimesNewRoman(0)/m/n/14.4 148
 []


Overfull \hbox (2.99995pt too wide) detected at line 285
 \TU/TimesNewRoman(0)/m/n/14.4 148
 []


Overfull \hbox (2.99995pt too wide) detected at line 286
 \TU/TimesNewRoman(0)/m/n/14.4 148
 []


Overfull \hbox (2.99995pt too wide) detected at line 287
 \TU/TimesNewRoman(0)/m/n/14.4 148
 []


Overfull \hbox (2.99995pt too wide) detected at line 288
 \TU/TimesNewRoman(0)/m/n/14.4 149
 []


Overfull \hbox (2.99995pt too wide) detected at line 289
 \TU/TimesNewRoman(0)/m/n/14.4 149
 []


Overfull \hbox (2.99995pt too wide) detected at line 290
 \TU/TimesNewRoman(0)/m/n/14.4 149
 []


Overfull \hbox (2.99995pt too wide) detected at line 291
 \TU/TimesNewRoman(0)/m/n/14.4 149
 []


Overfull \hbox (2.99995pt too wide) detected at line 292
 \TU/TimesNewRoman(0)/m/n/14.4 150
 []


Overfull \hbox (2.99995pt too wide) detected at line 293
 \TU/TimesNewRoman(0)/m/n/14.4 150
 []


Overfull \hbox (2.99995pt too wide) detected at line 294
 \TU/TimesNewRoman(0)/m/n/14.4 150
 []


Overfull \hbox (2.99995pt too wide) detected at line 296
 \TU/TimesNewRoman(0)/m/n/14.4 151
 []


Overfull \hbox (2.99995pt too wide) detected at line 297
 \TU/TimesNewRoman(0)/m/n/14.4 151
 []


Overfull \hbox (2.99995pt too wide) detected at line 298
 \TU/TimesNewRoman(0)/m/n/14.4 152
 []


Overfull \hbox (2.99995pt too wide) detected at line 299
 \TU/TimesNewRoman(0)/m/n/14.4 152
 []


Overfull \hbox (2.99995pt too wide) detected at line 300
 \TU/TimesNewRoman(0)/m/n/14.4 153
 []


Overfull \hbox (2.99995pt too wide) detected at line 301
 \TU/TimesNewRoman(0)/m/n/14.4 153
 []


Overfull \hbox (2.99995pt too wide) detected at line 302
 \TU/TimesNewRoman(0)/m/n/14.4 154
 []

[15]
Overfull \hbox (2.99995pt too wide) detected at line 303
 \TU/TimesNewRoman(0)/m/n/14.4 154
 []


Overfull \hbox (2.99995pt too wide) detected at line 304
 \TU/TimesNewRoman(0)/m/n/14.4 155
 []


Overfull \hbox (2.99995pt too wide) detected at line 305
 \TU/TimesNewRoman(0)/m/n/14.4 155
 []


Overfull \hbox (2.99995pt too wide) detected at line 306
 \TU/TimesNewRoman(0)/m/n/14.4 156
 []


Overfull \hbox (2.99995pt too wide) detected at line 307
 \TU/TimesNewRoman(0)/m/n/14.4 156
 []


Overfull \hbox (2.99995pt too wide) detected at line 308
 \TU/TimesNewRoman(0)/m/n/14.4 156
 []


Overfull \hbox (2.99995pt too wide) detected at line 309
 \TU/TimesNewRoman(0)/m/n/14.4 157
 []


Overfull \hbox (2.99995pt too wide) detected at line 310
 \TU/TimesNewRoman(0)/m/n/14.4 157
 []


Overfull \hbox (2.99995pt too wide) detected at line 311
 \TU/TimesNewRoman(0)/m/n/14.4 157
 []


Overfull \hbox (2.99995pt too wide) detected at line 312
 \TU/TimesNewRoman(0)/m/n/14.4 158
 []


Overfull \hbox (2.99995pt too wide) detected at line 313
 \TU/TimesNewRoman(0)/m/n/14.4 158
 []


Overfull \hbox (2.99995pt too wide) detected at line 314
 \TU/TimesNewRoman(0)/m/n/14.4 160
 []


Overfull \hbox (2.99995pt too wide) detected at line 315
 \TU/TimesNewRoman(0)/m/n/14.4 160
 []


Overfull \hbox (2.99995pt too wide) detected at line 316
 \TU/TimesNewRoman(0)/m/n/14.4 161
 []


Overfull \hbox (2.99995pt too wide) detected at line 317
 \TU/TimesNewRoman(0)/m/n/14.4 161
 []


Overfull \hbox (2.99995pt too wide) detected at line 318
 \TU/TimesNewRoman(0)/m/n/14.4 161
 []


Overfull \hbox (2.99995pt too wide) detected at line 319
 \TU/TimesNewRoman(0)/m/n/14.4 162
 []


Overfull \hbox (2.99995pt too wide) detected at line 320
 \TU/TimesNewRoman(0)/m/n/14.4 162
 []


Overfull \hbox (2.99995pt too wide) detected at line 321
 \TU/TimesNewRoman(0)/m/n/14.4 163
 []


Overfull \hbox (2.99995pt too wide) detected at line 322
 \TU/TimesNewRoman(0)/m/n/14.4 163
 []


Overfull \hbox (2.99995pt too wide) detected at line 323
 \TU/TimesNewRoman(0)/m/n/14.4 164
 []


Overfull \hbox (2.99995pt too wide) detected at line 324
 \TU/TimesNewRoman(0)/m/n/14.4 164
 []

[16]
Overfull \hbox (2.99995pt too wide) detected at line 325
 \TU/TimesNewRoman(0)/m/n/14.4 165
 []


Overfull \hbox (2.99995pt too wide) detected at line 326
 \TU/TimesNewRoman(0)/m/n/14.4 165
 []


Overfull \hbox (2.99995pt too wide) detected at line 327
 \TU/TimesNewRoman(0)/m/n/14.4 176
 []


Overfull \hbox (2.99995pt too wide) detected at line 328
 \TU/TimesNewRoman(0)/m/n/14.4 177
 []


Overfull \hbox (2.99995pt too wide) detected at line 329
 \TU/TimesNewRoman(0)/m/n/14.4 177
 []


Overfull \hbox (2.99995pt too wide) detected at line 330
 \TU/TimesNewRoman(0)/m/n/14.4 177
 []


Overfull \hbox (2.99995pt too wide) detected at line 331
 \TU/TimesNewRoman(0)/m/n/14.4 178
 []


Overfull \hbox (2.99995pt too wide) detected at line 332
 \TU/TimesNewRoman(0)/m/n/14.4 178
 []


Overfull \hbox (2.99995pt too wide) detected at line 333
 \TU/TimesNewRoman(0)/m/n/14.4 179
 []


Overfull \hbox (2.99995pt too wide) detected at line 334
 \TU/TimesNewRoman(0)/m/n/14.4 179
 []


Overfull \hbox (2.99995pt too wide) detected at line 335
 \TU/TimesNewRoman(0)/m/n/14.4 181
 []


Overfull \hbox (2.99995pt too wide) detected at line 336
 \TU/TimesNewRoman(0)/m/n/14.4 181
 []


Overfull \hbox (2.99995pt too wide) detected at line 337
 \TU/TimesNewRoman(0)/m/n/14.4 181
 []


Overfull \hbox (2.99995pt too wide) detected at line 338
 \TU/TimesNewRoman(0)/m/n/14.4 182
 []


Overfull \hbox (2.99995pt too wide) detected at line 339
 \TU/TimesNewRoman(0)/m/n/14.4 182
 []


Overfull \hbox (2.99995pt too wide) detected at line 340
 \TU/TimesNewRoman(0)/m/n/14.4 182
 []


Overfull \hbox (2.99995pt too wide) detected at line 341
 \TU/TimesNewRoman(0)/m/n/14.4 183
 []


Overfull \hbox (2.99995pt too wide) detected at line 342
 \TU/TimesNewRoman(0)/m/n/14.4 183
 []


Overfull \hbox (2.99995pt too wide) detected at line 343
 \TU/TimesNewRoman(0)/m/n/14.4 184
 []


Overfull \hbox (2.99995pt too wide) detected at line 344
 \TU/TimesNewRoman(0)/m/n/14.4 184
 []


Overfull \hbox (2.99995pt too wide) detected at line 345
 \TU/TimesNewRoman(0)/m/n/14.4 184
 []


Overfull \hbox (2.99995pt too wide) detected at line 346
 \TU/TimesNewRoman(0)/m/n/14.4 185
 []

[17]
Overfull \hbox (2.99995pt too wide) detected at line 347
 \TU/TimesNewRoman(0)/m/n/14.4 185
 []


Overfull \hbox (2.99995pt too wide) detected at line 348
 \TU/TimesNewRoman(0)/m/n/14.4 185
 []


Overfull \hbox (2.99995pt too wide) detected at line 349
 \TU/TimesNewRoman(0)/m/n/14.4 187
 []


Overfull \hbox (2.99995pt too wide) detected at line 350
 \TU/TimesNewRoman(0)/m/n/14.4 187
 []


Overfull \hbox (2.99995pt too wide) detected at line 351
 \TU/TimesNewRoman(0)/m/n/14.4 188
 []


Overfull \hbox (2.99995pt too wide) detected at line 352
 \TU/TimesNewRoman(0)/m/n/14.4 188
 []


Overfull \hbox (2.99995pt too wide) detected at line 353
 \TU/TimesNewRoman(0)/m/n/14.4 189
 []


Overfull \hbox (2.99995pt too wide) detected at line 354
 \TU/TimesNewRoman(0)/m/n/14.4 192
 []

)
\tf@toc=\write3
\openout3 = `collection_300.toc'.

 [18]

Package fontspec Warning: Font "Songti SC Light" does not contain requested
(fontspec)                Script "CJK".


Package fontspec Info: Could not resolve font "Songti SC Bold/I" (it probably
(fontspec)             doesn't exist).


Package fontspec Info: Could not resolve font "Songti SC Light/I" (it probably
(fontspec)             doesn't exist).


Package fontspec Info: Font family 'SongtiSCLight(1)' created for font 'Songti
(fontspec)             SC Light' with options [Script={CJK},BoldFont={Songti
(fontspec)             SC Bold}].
(fontspec)              
(fontspec)              This font family consists of the following NFSS
(fontspec)             series/shapes:
(fontspec)              
(fontspec)             - 'normal' (m/n) with NFSS spec.: <->"Songti SC
(fontspec)             Light/OT:language=dflt;"
(fontspec)             - 'small caps'  (m/sc) with NFSS spec.: 
(fontspec)             - 'bold' (b/n) with NFSS spec.: <->"Songti SC
(fontspec)             Bold/OT:language=dflt;"
(fontspec)             - 'bold small caps'  (b/sc) with NFSS spec.: 
(fontspec)             - 'bold italic' (b/it) with NFSS spec.: <->"Songti SC
(fontspec)             Light/BI/OT:language=dflt;"
(fontspec)             - 'bold italic small caps'  (b/scit) with NFSS spec.: 

LaTeX Font Info:    External font `cmex10' loaded for size
(Font)              <5> on input line 103.
[19

] [20] [21] [22] [23]
Underfull \hbox (badness 10000) in paragraph at lines 269--271

 []

[24]
Underfull \hbox (badness 10000) in paragraph at lines 295--297

 []

[25]
Underfull \hbox (badness 10000) in paragraph at lines 308--310

 []

[26] [27]
Underfull \hbox (badness 10000) in paragraph at lines 383--384

 []


Underfull \hbox (badness 10000) in paragraph at lines 392--394

 []

[28] [29] [30] [31] [32]
Underfull \hbox (badness 10000) in paragraph at lines 567--568

 []

[33] [34] [35] [36] [37] [38]
Underfull \hbox (badness 10000) in paragraph at lines 781--783

 []


Underfull \hbox (badness 10000) in paragraph at lines 791--793

 []

[39] [40] [41] [42] [43] [44] [45] [46] [47] [48] [49] [50] [51] [52] [53] [54]
Underfull \hbox (badness 10000) in paragraph at lines 1380--1381

 []

[55] [56] [57] [58] [59] [60] [61] [62]
Underfull \hbox (badness 10000) in paragraph at lines 1678--1680

 []


Underfull \hbox (badness 10000) in paragraph at lines 1690--1691

 []

[63] [64]
Underfull \hbox (badness 10000) in paragraph at lines 1746--1748

 []


Underfull \hbox (badness 10000) in paragraph at lines 1759--1760

 []


Underfull \hbox (badness 10000) in paragraph at lines 1766--1768

 []

[65] [66]
Underfull \hbox (badness 10000) in paragraph at lines 1820--1822

 []

[67]
Underfull \hbox (badness 10000) in paragraph at lines 1835--1837

 []


Underfull \hbox (badness 10000) in paragraph at lines 1842--1844

 []


Underfull \hbox (badness 10000) in paragraph at lines 1849--1851

 []

[68] [69] [70] [71] [72] [73] [74]
Underfull \hbox (badness 10000) in paragraph at lines 2014--2015

 []

[75] [76] [77]
Underfull \hbox (badness 10000) in paragraph at lines 2084--2086

 []

[78

]
Underfull \hbox (badness 10000) in paragraph at lines 2097--2099

 []


Underfull \hbox (badness 10000) in paragraph at lines 2102--2104

 []

[79]
Underfull \hbox (badness 10000) in paragraph at lines 2113--2115

 []


Underfull \hbox (badness 10000) in paragraph at lines 2118--2120

 []

[80]
Underfull \hbox (badness 10000) in paragraph at lines 2129--2131

 []


Underfull \hbox (badness 10000) in paragraph at lines 2134--2136

 []

[81]
Underfull \hbox (badness 10000) in paragraph at lines 2145--2147

 []


Underfull \hbox (badness 10000) in paragraph at lines 2150--2152

 []

[82]
Underfull \hbox (badness 10000) in paragraph at lines 2161--2163

 []


Underfull \hbox (badness 10000) in paragraph at lines 2166--2168

 []

[83]
Underfull \hbox (badness 10000) in paragraph at lines 2177--2179

 []


Underfull \hbox (badness 10000) in paragraph at lines 2182--2184

 []

[84]
Underfull \hbox (badness 10000) in paragraph at lines 2193--2195

 []


Underfull \hbox (badness 10000) in paragraph at lines 2198--2200

 []

[85]
Underfull \hbox (badness 10000) in paragraph at lines 2209--2211

 []


Underfull \hbox (badness 10000) in paragraph at lines 2214--2216

 []

[86] [87]
Underfull \hbox (badness 10000) in paragraph at lines 2288--2289

 []

[88] [89

]
Underfull \hbox (badness 10000) in paragraph at lines 2310--2312

 []


Underfull \hbox (badness 10000) in paragraph at lines 2315--2317

 []

[90]
Underfull \hbox (badness 10000) in paragraph at lines 2326--2328

 []


Underfull \hbox (badness 10000) in paragraph at lines 2331--2333

 []

[91] [92

] [93] [94] [95] [96]
Underfull \hbox (badness 10000) in paragraph at lines 2413--2414

 []

[97]
Underfull \hbox (badness 10000) in paragraph at lines 2425--2426

 []

[98]
Underfull \hbox (badness 10000) in paragraph at lines 2437--2438

 []

[99]
Underfull \hbox (badness 10000) in paragraph at lines 2451--2452

 []

[100]
Underfull \hbox (badness 10000) in paragraph at lines 2465--2466

 []

[101]
Underfull \hbox (badness 10000) in paragraph at lines 2480--2481

 []

[102]
Underfull \hbox (badness 10000) in paragraph at lines 2493--2495

 []

[103

] [104]
Underfull \hbox (badness 10000) in paragraph at lines 2552--2554

 []


Underfull \hbox (badness 10000) in paragraph at lines 2560--2562

 []

[105] [106] [107] [108] [109]
Underfull \hbox (badness 10000) in paragraph at lines 2706--2708

 []

[110]
Underfull \hbox (badness 10000) in paragraph at lines 2741--2743

 []

[111]
Underfull \hbox (badness 10000) in paragraph at lines 2760--2762

 []

[112]
Underfull \hbox (badness 10000) in paragraph at lines 2796--2798

 []

[113] [114]
Underfull \hbox (badness 10000) in paragraph at lines 2877--2879

 []


Underfull \hbox (badness 10000) in paragraph at lines 2888--2890

 []

[115] [116] [117] [118] [119] [120]
Underfull \hbox (badness 10000) in paragraph at lines 3099--3101

 []

[121]
Underfull \hbox (badness 10000) in paragraph at lines 3130--3132

 []


Underfull \hbox (badness 10000) in paragraph at lines 3139--3141

 []

[122] [123] [124] [125] [126] [127]
Underfull \hbox (badness 10000) in paragraph at lines 3254--3256

 []

[128] [129] [130] [131] [132] [133] [134] [135]
Underfull \hbox (badness 10000) in paragraph at lines 3498--3500

 []

[136] [137] [138] [139] [140]
Underfull \hbox (badness 10000) in paragraph at lines 3630--3633

 []

[141] [142]
Underfull \hbox (badness 10000) in paragraph at lines 3688--3690

 []


Underfull \hbox (badness 10000) in paragraph at lines 3697--3700

 []

[143]
Underfull \hbox (badness 10000) in paragraph at lines 3732--3734

 []


Underfull \hbox (badness 10000) in paragraph at lines 3739--3741

 []

[144]
Underfull \hbox (badness 10000) in paragraph at lines 3758--3760

 []


Underfull \hbox (badness 10000) in paragraph at lines 3765--3767

 []

[145] [146

] [147] [148] [149] [150] [151

]

Package fontspec Warning: Font "Heiti SC Light" does not contain requested
(fontspec)                Script "CJK".


Package fontspec Info: Could not resolve font "Heiti SC Medium/I" (it probably
(fontspec)             doesn't exist).


Package fontspec Info: Could not resolve font "Heiti SC Light/I" (it probably
(fontspec)             doesn't exist).


Package fontspec Info: Font family 'HeitiSCLight(0)' created for font 'Heiti
(fontspec)             SC Light' with options [Script={CJK},BoldFont={Heiti SC
(fontspec)             Medium}].
(fontspec)              
(fontspec)              This font family consists of the following NFSS
(fontspec)             series/shapes:
(fontspec)              
(fontspec)             - 'normal' (m/n) with NFSS spec.: <->"Heiti SC
(fontspec)             Light/OT:language=dflt;"
(fontspec)             - 'small caps'  (m/sc) with NFSS spec.: 
(fontspec)             - 'bold' (b/n) with NFSS spec.: <->"Heiti SC
(fontspec)             Medium/OT:language=dflt;"
(fontspec)             - 'bold small caps'  (b/sc) with NFSS spec.: 
(fontspec)             - 'bold italic' (b/it) with NFSS spec.: <->"Heiti SC
(fontspec)             Light/BI/OT:language=dflt;"
(fontspec)             - 'bold italic small caps'  (b/scit) with NFSS spec.: 

[152]
Underfull \hbox (badness 10000) in paragraph at lines 3967--3969

 []

[153] [154] [155] [156] [157] [158] [159] [160] [161] [162] [163]
Underfull \hbox (badness 10000) in paragraph at lines 4340--4342

 []

[164]
Underfull \hbox (badness 10000) in paragraph at lines 4359--4361

 []

LaTeX Font Info:    External font `cmex10' loaded for size
(Font)              <17.28> on input line 4370.
LaTeX Font Info:    External font `cmex10' loaded for size
(Font)              <12> on input line 4370.
[165] [166] [167] [168] [169] [170] [171] [172] [173] [174] [175] [176] [177] [178] [179] [180] [181] [182] [183] [184] [185] [186] [187] [188]

Package fontspec Warning: Font "STFangsong" does not contain requested Script
(fontspec)                "CJK".


Package fontspec Info: Could not resolve font "STFangsong/BI" (it probably
(fontspec)             doesn't exist).


Package fontspec Info: Could not resolve font "STFangsong/B" (it probably
(fontspec)             doesn't exist).


Package fontspec Info: Could not resolve font "STFangsong/I" (it probably
(fontspec)             doesn't exist).


Package fontspec Info: Font family 'STFangsong(0)' created for font
(fontspec)             'STFangsong' with options [Script={CJK}].
(fontspec)              
(fontspec)              This font family consists of the following NFSS
(fontspec)             series/shapes:
(fontspec)              
(fontspec)             - 'normal' (m/n) with NFSS spec.:
(fontspec)             <->"STFangsong/OT:language=dflt;"
(fontspec)             - 'small caps'  (m/sc) with NFSS spec.: 

[189] [190] [191] [192] [193] (./collection_300.aux) ) 
Here is how much of TeX's memory you used:
 9414 strings out of 476919
 316277 string characters out of 5821840
 563290 words of memory out of 5000000
 29247 multiletter control sequences out of 15000+600000
 406746 words of font info for 108 fonts, out of 8000000 for 9000
 1348 hyphenation exceptions out of 8191
 101i,8n,104p,1200b,573s stack positions out of 5000i,500n,10000p,200000b,80000s

Output written on collection_300.pdf (194 pages).
